2025-04-12 12:43:14 [INFO] - Удаляем старый XML: /results/nmap.xml
2025-04-12 12:43:14 [INFO] - nmap уже установлен. Пропускаем установку.
2025-04-12 12:43:14 [INFO] - Запуск nmap (уровень: easy): nmap -T4 -F -sS -Pn 1.0.0.1 -oX /results/nmap.xml
2025-04-12 12:43:14 [INFO] - nikto уже установлен. Пропускаем установку.
2025-04-12 12:43:14 [INFO] - Запуск nikto (уровень: easy): nikto -Tuning 2,4,5 -maxtime 60 -nointeractive -Display P -h http://1.0.0.1 -o /results/nikto.json -Format json
2025-04-12 12:43:14 [INFO] - dig уже установлен. Пропускаем установку.
2025-04-12 12:43:14 [INFO] - Запуск Python-плагина dig...
2025-04-12 12:43:14 [INFO] - dig завершен. JSON сохранён в /results/dig.json
2025-04-12 12:43:17 [INFO] - nmap использует XML. Результат в /results/nmap.xml
2025-04-12 12:44:16 [INFO] - nikto завершен. JSON сохранён в /results/nikto.json
2025-04-12 12:44:17 [INFO] - Успешное подключение к базе данных
2025-04-12 12:44:17 [INFO] - Очистка таблицы results...
2025-04-12 12:44:17 [INFO] - Таблица results очищена.
2025-04-12 12:44:17 [INFO] - Добавлено 1 записей в results
2025-04-12 12:44:17 [INFO] - Добавлено 1 записей в results
2025-04-12 12:44:17 [INFO] - Добавлено 1 записей в results
2025-04-12 12:44:17 [INFO] - Завершено. Всего добавлено записей: 3
2025-04-12 12:44:20 [INFO] - Очистка папки reports перед генерацией отчёта...
2025-04-12 12:44:22 [INFO] - Очистка папки reports перед генерацией отчёта...
2025-04-12 12:44:22 [INFO] - Проверка доступности шаблона...
2025-04-12 12:44:22 [INFO] - TEMPLATES_DIR = /templates
2025-04-12 12:44:22 [INFO] - Файлы в шаблоне: ['css', 'report.html.j2']
2025-04-12 12:44:22 [INFO] - Поиск шаблона в: /templates
2025-04-12 12:44:22 [INFO] - HTML-отчет создан: /reports/report_20250412_174417.html
