2025-05-06 22:46:31 [INFO] - Запуск Nikto на 64.227.103.24: nikto -h 64.227.103.24 -Tuning 2,4,5 -maxtime 60 -nointeractive -Display P -ask no -o /tmp/tmpopjif1cx_ip_nikto.json -Format json
- Nikto v2.5.0
---------------------------------------------------------------------------
+ Target IP:          64.227.103.24
+ Target Hostname:    64.227.103.24
+ Target Port:        80
+ Start Time:         2025-05-06 22:45:30 (GMT5)
---------------------------------------------------------------------------
+ Server: Apache/2.4.7 (Ubuntu)
+ Root page / redirects to: https://64.227.103.24/
+ No CGI Directories found (use '-C all' to force check all possible dirs)
+ Scan terminated: 0 error(s) and 0 item(s) reported on remote host
+ End Time:           2025-05-06 22:46:31 (GMT5) (61 seconds)
---------------------------------------------------------------------------
+ 1 host(s) tested
[STDERR]:
+ ERROR: Host maximum execution time of 60 seconds reached
2025-05-06 22:46:31 [INFO] - Запуск Nikto на honey.scanme.sh: nikto -h honey.scanme.sh -Tuning 2,4,5 -maxtime 60 -nointeractive -Display P -ask no -o /tmp/tmp82ay_k_u_domain_http_nikto.json -Format json
- Nikto v2.5.0
---------------------------------------------------------------------------
+ /: The X-Content-Type-Options header is not set. This could allow the user agent to render the content of the site in a different fashion to the MIME type. See: https://www.netsparker.com/web-vulnerability-scanner/vulnerabilities/missing-content-type-header/
+ Target IP:          67.205.158.113
+ Target Hostname:    honey.scanme.sh
+ Target Port:        80
+ Start Time:         2025-05-06 22:45:30 (GMT5)
---------------------------------------------------------------------------
+ Server: No banner retrieved
+ No CGI Directories found (use '-C all' to force check all possible dirs)
+ /honey.scanme.sh.war: Potentially interesting backup/cert file found. . See: https://cwe.mitre.org/data/definitions/530.html
+ /scanme.tar: Potentially interesting backup/cert file found. . See: https://cwe.mitre.org/data/definitions/530.html
+ /dump.jks: Potentially interesting backup/cert file found. . See: https://cwe.mitre.org/data/definitions/530.html
+ /site.zip: Potentially interesting backup/cert file found. . See: https://cwe.mitre.org/data/definitions/530.html
+ /dump.sql: Potentially interesting backup/cert file found. (NOTE: requested by IP address). See: https://cwe.mitre.org/data/definitions/530.html
+ /honey.scanme.alz: Potentially interesting backup/cert file found. . See: https://cwe.mitre.org/data/definitions/530.html
+ /site.war: Potentially interesting backup/cert file found. . See: https://cwe.mitre.org/data/definitions/530.html
+ /honey_scanme_sh.pem: Potentially interesting backup/cert file found. . See: https://cwe.mitre.org/data/definitions/530.html
+ /honey.tar.bz2: Potentially interesting backup/cert file found. . See: https://cwe.mitre.org/data/definitions/530.html
+ /scanme.gz: Potentially interesting backup/cert file found. . See: https://cwe.mitre.org/data/definitions/530.html
+ /backup.pem: Potentially interesting backup/cert file found. . See: https://cwe.mitre.org/data/definitions/530.html
+ /honeyscanme.war: Potentially interesting backup/cert file found. . See: https://cwe.mitre.org/data/definitions/530.html
+ /honeyscanme.sql: Potentially interesting backup/cert file found. (NOTE: requested by IP address). See: https://cwe.mitre.org/data/definitions/530.html
+ /honeyscanmesh.egg: Potentially interesting backup/cert file found. . See: https://cwe.mitre.org/data/definitions/530.html
+ /honeyscanmesh.tar.gz: Potentially interesting backup/cert file found. . See: https://cwe.mitre.org/data/definitions/530.html
+ /database.tar.bz2: Potentially interesting backup/cert file found. . See: https://cwe.mitre.org/data/definitions/530.html
+ /honey.tgz: Potentially interesting backup/cert file found. . See: https://cwe.mitre.org/data/definitions/530.html
+ /honey.scanme.sh.alz: Potentially interesting backup/cert file found. . See: https://cwe.mitre.org/data/definitions/530.html
+ /database.jks: Potentially interesting backup/cert file found. . See: https://cwe.mitre.org/data/definitions/530.html
+ /honey.scanme.tar.lzma: Potentially interesting backup/cert file found. . See: https://cwe.mitre.org/data/definitions/530.html
+ /honey.scanme.sh.tgz: Potentially interesting backup/cert file found. . See: https://cwe.mitre.org/data/definitions/530.html
+ /scanme.egg: Potentially interesting backup/cert file found. . See: https://cwe.mitre.org/data/definitions/530.html
+ /honey.gz: Potentially interesting backup/cert file found. . See: https://cwe.mitre.org/data/definitions/530.html
+ /database.alz: Potentially interesting backup/cert file found. . See: https://cwe.mitre.org/data/definitions/530.html
+ /honey.scanme.jks: Potentially interesting backup/cert file found. . See: https://cwe.mitre.org/data/definitions/530.html
+ /honeyscanmesh.tar.bz2: Potentially interesting backup/cert file found. . See: https://cwe.mitre.org/data/definitions/530.html
+ /backup.tar: Potentially interesting backup/cert file found. . See: https://cwe.mitre.org/data/definitions/530.html
+ /site.tgz: Potentially interesting backup/cert file found. . See: https://cwe.mitre.org/data/definitions/530.html
+ /archive.war: Potentially interesting backup/cert file found. . See: https://cwe.mitre.org/data/definitions/530.html
+ /site.alz: Potentially interesting backup/cert file found. . See: https://cwe.mitre.org/data/definitions/530.html
+ /archive.gz: Potentially interesting backup/cert file found. . See: https://cwe.mitre.org/data/definitions/530.html
+ /honey.scanme.sh.egg: Potentially interesting backup/cert file found. . See: https://cwe.mitre.org/data/definitions/530.html
+ /backup.gz: Potentially interesting backup/cert file found. . See: https://cwe.mitre.org/data/definitions/530.html
+ /honey.scanme.sh.sql: Potentially interesting backup/cert file found. (NOTE: requested by IP address). See: https://cwe.mitre.org/data/definitions/530.html
+ Scan terminated: 0 error(s) and 35 item(s) reported on remote host
+ End Time:           2025-05-06 22:46:31 (GMT5) (61 seconds)
---------------------------------------------------------------------------
+ 1 host(s) tested
[STDERR]:
+ ERROR: Host maximum execution time of 60 seconds reached
